
Showing logs for build [32mablazleon-environment-jxgke6-pr-s9qvr-1[0m stage [32mfrom-build-pack[0m and container [32mstep-credential-initializer-kbrdk[0m
{"level":"info","ts":1593194387.0367951,"logger":"fallback-logger","caller":"logging/config.go:69","msg":"Fetch GitHub commit ID from kodata failed: open /var/run/ko/refs/heads/0.8.0-ns-support: no such file or directory"}
{"level":"info","ts":1593194387.0377052,"logger":"fallback-logger","caller":"creds-init/main.go:40","msg":"Credentials initialized."}

Showing logs for build [32mablazleon-environment-jxgke6-pr-s9qvr-1[0m stage [32mfrom-build-pack[0m and container [32mstep-working-dir-initializer-mwxll[0m
{"level":"info","ts":1593194387.9938998,"logger":"fallback-logger","caller":"logging/config.go:69","msg":"Fetch GitHub commit ID from kodata failed: open /var/run/ko/HEAD: no such file or directory"}
{"level":"info","ts":1593194388.0180378,"logger":"fallback-logger","caller":"bash/main.go:64","msg":"Successfully executed command \"sh -c mkdir -p /workspace/source\"; output "}

Showing logs for build [32mablazleon-environment-jxgke6-pr-s9qvr-1[0m stage [32mfrom-build-pack[0m and container [32mstep-place-tools[0m

Showing logs for build [32mablazleon-environment-jxgke6-pr-s9qvr-1[0m stage [32mfrom-build-pack[0m and container [32mstep-git-source-ablazleon-environment-jxgke6-pr-s9qvr-r9kvf[0m
{"level":"info","ts":1593194394.1409369,"logger":"fallback-logger","caller":"logging/config.go:69","msg":"Fetch GitHub commit ID from kodata failed: open /var/run/ko/refs/heads/0.8.0-ns-support: no such file or directory"}
{"level":"info","ts":1593194395.6127982,"logger":"fallback-logger","caller":"git/git.go:103","msg":"Successfully cloned https://github.com/*********/environment-**gke6-production.git @ master in path /workspace/source"}

Showing logs for build [32mablazleon-environment-jxgke6-pr-s9qvr-1[0m stage [32mfrom-build-pack[0m and container [32mstep-setup-builder-home[0m

Showing logs for build [32mablazleon-environment-jxgke6-pr-s9qvr-1[0m stage [32mfrom-build-pack[0m and container [32mstep-git-merge[0m
Using SHAs from PULL_REFS=master:e5a948215ea457c1e7c6f2ef688a1f0b973f05d2,2:75504e6b408fe24b6cd4db17973a05616985d63e
DEBUG: LC_ALL=C JX_LOG_LEVEL=error git fetch origin --unshallow 75504e6b408fe24b6cd4db17973a05616985d63e: e5a948215ea457c1e7c6f2ef688a1f0b973f05d2:
DEBUG: ran git fetch --unshallow origin 75504e6b408fe24b6cd4db17973a05616985d63e: e5a948215ea457c1e7c6f2ef688a1f0b973f05d2: in 
DEBUG: LC_ALL=C JX_LOG_LEVEL=error git branch
DEBUG: LC_ALL=C JX_LOG_LEVEL=error git checkout master
DEBUG: ran git checkout master in 
DEBUG: LC_ALL=C JX_LOG_LEVEL=error git reset --hard e5a948215ea457c1e7c6f2ef688a1f0b973f05d2
DEBUG: ran git reset --hard e5a948215ea457c1e7c6f2ef688a1f0b973f05d2 in 
DEBUG: LC_ALL=C JX_LOG_LEVEL=error git clean -fd .
DEBUG: ran clean --force -d . in 
DEBUG: LC_ALL=C JX_LOG_LEVEL=error git merge 75504e6b408fe24b6cd4db17973a05616985d63e
DEBUG: ran git merge 75504e6b408fe24b6cd4db17973a05616985d63e in 
DEBUG: LC_ALL=C JX_LOG_LEVEL=error git log --format=%H%x1f%an%x1f%ae%x1f%cn%x1f%ce%x1f%s%n%b%x1e e5a948215ea457c1e7c6f2ef688a1f0b973f05d2..HEAD
Merged SHA 75504e6b408fe24b6cd4db17973a05616985d63e with commit message 'chore: Promote **py to version 0.0.27' into base branch master

Showing logs for build [32mablazleon-environment-jxgke6-pr-s9qvr-1[0m stage [32mfrom-build-pack[0m and container [32mstep-build-helm-build[0m
WARNING: No $CHART_REPOSITORY defined so using the default value of: http://jenkins-x-chartmuseum:8080
Adding missing Helm repo: storage.googleapis.com https://storage.googleapis.com/chartmuseum.jenkins-x.io
Successfully added Helm repository storage.googleapis.com.
Adding missing Helm repo: jenkins-x-chartmuseum http://jenkins-x-chartmuseum:8080
Successfully added Helm repository jenkins-x-chartmuseum.
WARNING: No $CHART_REPOSITORY defined so using the default value of: http://jenkins-x-chartmuseum:8080
Adding missing Helm repo: chartmuseum.jenkins-x.io http://chartmuseum.jenkins-x.io
Successfully added Helm repository chartmuseum.jenkins-x.io.
