
Showing logs for build [32mablazleon-environment-jxgke6-pr-5dvqw-1[0m stage [32mfrom-build-pack[0m and container [32mstep-credential-initializer-rd5q9[0m
{"level":"info","ts":1593201746.4929597,"logger":"fallback-logger","caller":"logging/config.go:69","msg":"Fetch GitHub commit ID from kodata failed: open /var/run/ko/refs/heads/0.8.0-ns-support: no such file or directory"}
{"level":"info","ts":1593201746.4934757,"logger":"fallback-logger","caller":"creds-init/main.go:40","msg":"Credentials initialized."}

Showing logs for build [32mablazleon-environment-jxgke6-pr-5dvqw-1[0m stage [32mfrom-build-pack[0m and container [32mstep-working-dir-initializer-rxzg9[0m
{"level":"info","ts":1593201748.2375124,"logger":"fallback-logger","caller":"logging/config.go:69","msg":"Fetch GitHub commit ID from kodata failed: open /var/run/ko/HEAD: no such file or directory"}
{"level":"info","ts":1593201748.2396777,"logger":"fallback-logger","caller":"bash/main.go:64","msg":"Successfully executed command \"sh -c mkdir -p /workspace/source\"; output "}

Showing logs for build [32mablazleon-environment-jxgke6-pr-5dvqw-1[0m stage [32mfrom-build-pack[0m and container [32mstep-place-tools[0m

Showing logs for build [32mablazleon-environment-jxgke6-pr-5dvqw-1[0m stage [32mfrom-build-pack[0m and container [32mstep-git-source-ablazleon-environment-jxgke6-pr-5dvqw-x664f[0m
{"level":"info","ts":1593201754.68025,"logger":"fallback-logger","caller":"logging/config.go:69","msg":"Fetch GitHub commit ID from kodata failed: open /var/run/ko/refs/heads/0.8.0-ns-support: no such file or directory"}
{"level":"info","ts":1593201755.7291276,"logger":"fallback-logger","caller":"git/git.go:103","msg":"Successfully cloned https://github.com/*********/environment-**gke6-production.git @ master in path /workspace/source"}

Showing logs for build [32mablazleon-environment-jxgke6-pr-5dvqw-1[0m stage [32mfrom-build-pack[0m and container [32mstep-setup-builder-home[0m

Showing logs for build [32mablazleon-environment-jxgke6-pr-5dvqw-1[0m stage [32mfrom-build-pack[0m and container [32mstep-git-merge[0m
Using SHAs from PULL_REFS=master:c6a317e175aa37d90afcd0b42810e683063d765b,6:e712c341035600ba4b9497837b29198940e62d14
DEBUG: LC_ALL=C JX_LOG_LEVEL=error git fetch origin --unshallow e712c341035600ba4b9497837b29198940e62d14: c6a317e175aa37d90afcd0b42810e683063d765b:
DEBUG: ran git fetch --unshallow origin e712c341035600ba4b9497837b29198940e62d14: c6a317e175aa37d90afcd0b42810e683063d765b: in 
DEBUG: LC_ALL=C JX_LOG_LEVEL=error git branch
DEBUG: LC_ALL=C JX_LOG_LEVEL=error git checkout master
DEBUG: ran git checkout master in 
DEBUG: LC_ALL=C JX_LOG_LEVEL=error git reset --hard c6a317e175aa37d90afcd0b42810e683063d765b
DEBUG: ran git reset --hard c6a317e175aa37d90afcd0b42810e683063d765b in 
DEBUG: JX_LOG_LEVEL=error LC_ALL=C git clean -fd .
DEBUG: ran clean --force -d . in 
DEBUG: LC_ALL=C JX_LOG_LEVEL=error git merge e712c341035600ba4b9497837b29198940e62d14
DEBUG: ran git merge e712c341035600ba4b9497837b29198940e62d14 in 
DEBUG: LC_ALL=C JX_LOG_LEVEL=error git log --format=%H%x1f%an%x1f%ae%x1f%cn%x1f%ce%x1f%s%n%b%x1e c6a317e175aa37d90afcd0b42810e683063d765b..HEAD
Merged SHA e712c341035600ba4b9497837b29198940e62d14 with commit message 'chore: Promote **py to version 0.0.28' into base branch master

Showing logs for build [32mablazleon-environment-jxgke6-pr-5dvqw-1[0m stage [32mfrom-build-pack[0m and container [32mstep-build-helm-build[0m
WARNING: No $CHART_REPOSITORY defined so using the default value of: http://jenkins-x-chartmuseum:8080
Adding missing Helm repo: storage.googleapis.com https://storage.googleapis.com/chartmuseum.jenkins-x.io
Successfully added Helm repository storage.googleapis.com.
Adding missing Helm repo: jenkins-x-chartmuseum http://jenkins-x-chartmuseum:8080
Successfully added Helm repository jenkins-x-chartmuseum.
WARNING: No $CHART_REPOSITORY defined so using the default value of: http://jenkins-x-chartmuseum:8080
Adding missing Helm repo: chartmuseum.jenkins-x.io http://chartmuseum.jenkins-x.io
Successfully added Helm repository chartmuseum.jenkins-x.io.
