
Showing logs for build [32mablazleon-environment-jxgke6-pr-xn67k-1[0m stage [32mfrom-build-pack[0m and container [32mstep-credential-initializer-zzs54[0m
{"level":"info","ts":1593195377.7813091,"logger":"fallback-logger","caller":"logging/config.go:69","msg":"Fetch GitHub commit ID from kodata failed: open /var/run/ko/refs/heads/0.8.0-ns-support: no such file or directory"}
{"level":"info","ts":1593195377.782094,"logger":"fallback-logger","caller":"creds-init/main.go:40","msg":"Credentials initialized."}

Showing logs for build [32mablazleon-environment-jxgke6-pr-xn67k-1[0m stage [32mfrom-build-pack[0m and container [32mstep-working-dir-initializer-bvnlm[0m
{"level":"info","ts":1593195379.316192,"logger":"fallback-logger","caller":"logging/config.go:69","msg":"Fetch GitHub commit ID from kodata failed: open /var/run/ko/HEAD: no such file or directory"}
{"level":"info","ts":1593195379.3257008,"logger":"fallback-logger","caller":"bash/main.go:64","msg":"Successfully executed command \"sh -c mkdir -p /workspace/source\"; output "}

Showing logs for build [32mablazleon-environment-jxgke6-pr-xn67k-1[0m stage [32mfrom-build-pack[0m and container [32mstep-place-tools[0m

Showing logs for build [32mablazleon-environment-jxgke6-pr-xn67k-1[0m stage [32mfrom-build-pack[0m and container [32mstep-git-source-ablazleon-environment-jxgke6-pr-xn67k-6x6bt[0m
{"level":"info","ts":1593195384.4248395,"logger":"fallback-logger","caller":"logging/config.go:69","msg":"Fetch GitHub commit ID from kodata failed: open /var/run/ko/refs/heads/0.8.0-ns-support: no such file or directory"}
{"level":"info","ts":1593195385.655386,"logger":"fallback-logger","caller":"git/git.go:103","msg":"Successfully cloned https://github.com/*********/environment-**gke6-production.git @ master in path /workspace/source"}

Showing logs for build [32mablazleon-environment-jxgke6-pr-xn67k-1[0m stage [32mfrom-build-pack[0m and container [32mstep-setup-builder-home[0m

Showing logs for build [32mablazleon-environment-jxgke6-pr-xn67k-1[0m stage [32mfrom-build-pack[0m and container [32mstep-git-merge[0m
Using SHAs from PULL_REFS=master:1cb6312b30421c5f7de663c383920599dd4e1e9e,3:128bfc0b10ed31196ae7a3cccddc0c5fac28eaa7
DEBUG: JX_LOG_LEVEL=error LC_ALL=C git fetch origin --unshallow 128bfc0b10ed31196ae7a3cccddc0c5fac28eaa7: 1cb6312b30421c5f7de663c383920599dd4e1e9e:
DEBUG: ran git fetch --unshallow origin 128bfc0b10ed31196ae7a3cccddc0c5fac28eaa7: 1cb6312b30421c5f7de663c383920599dd4e1e9e: in 
DEBUG: JX_LOG_LEVEL=error LC_ALL=C git branch
DEBUG: LC_ALL=C JX_LOG_LEVEL=error git checkout master
DEBUG: ran git checkout master in 
DEBUG: LC_ALL=C JX_LOG_LEVEL=error git reset --hard 1cb6312b30421c5f7de663c383920599dd4e1e9e
DEBUG: ran git reset --hard 1cb6312b30421c5f7de663c383920599dd4e1e9e in 
DEBUG: LC_ALL=C JX_LOG_LEVEL=error git clean -fd .
DEBUG: ran clean --force -d . in 
DEBUG: LC_ALL=C JX_LOG_LEVEL=error git merge 128bfc0b10ed31196ae7a3cccddc0c5fac28eaa7
DEBUG: ran git merge 128bfc0b10ed31196ae7a3cccddc0c5fac28eaa7 in 
DEBUG: LC_ALL=C JX_LOG_LEVEL=error git log --format=%H%x1f%an%x1f%ae%x1f%cn%x1f%ce%x1f%s%n%b%x1e 1cb6312b30421c5f7de663c383920599dd4e1e9e..HEAD
Merged SHA 128bfc0b10ed31196ae7a3cccddc0c5fac28eaa7 with commit message 'Update values.yaml' into base branch master

Showing logs for build [32mablazleon-environment-jxgke6-pr-xn67k-1[0m stage [32mfrom-build-pack[0m and container [32mstep-build-helm-build[0m
WARNING: No $CHART_REPOSITORY defined so using the default value of: http://jenkins-x-chartmuseum:8080
Adding missing Helm repo: storage.googleapis.com https://storage.googleapis.com/chartmuseum.jenkins-x.io
Successfully added Helm repository storage.googleapis.com.
Adding missing Helm repo: jenkins-x-chartmuseum http://jenkins-x-chartmuseum:8080
Successfully added Helm repository jenkins-x-chartmuseum.
WARNING: No $CHART_REPOSITORY defined so using the default value of: http://jenkins-x-chartmuseum:8080
Adding missing Helm repo: chartmuseum.jenkins-x.io http://chartmuseum.jenkins-x.io
Successfully added Helm repository chartmuseum.jenkins-x.io.
error: failed to lint the chart '.': failed to run 'helm lint --set tags.**-lint=true --set global.**Lint=true --set-string global.**TypeEnv=lint --values values.yaml' command in directory '.', output: 'Error: failed to parse values.yaml: error converting YAML to JSON: yaml: line 25: did not find expected <document start>'
[31m
Pipeline failed on stage 'from-build-pack' : container 'step-build-helm-build'. The execution of the pipeline has stopped.[0m
