
Showing logs for build [32mablazleon-environment-jxgke6-pr-pc8l9-1[0m stage [32mfrom-build-pack[0m and container [32mstep-credential-initializer-thpfm[0m
{"level":"info","ts":1593190481.8734992,"logger":"fallback-logger","caller":"logging/config.go:69","msg":"Fetch GitHub commit ID from kodata failed: open /var/run/ko/refs/heads/0.8.0-ns-support: no such file or directory"}
{"level":"info","ts":1593190481.8741026,"logger":"fallback-logger","caller":"creds-init/main.go:40","msg":"Credentials initialized."}

Showing logs for build [32mablazleon-environment-jxgke6-pr-pc8l9-1[0m stage [32mfrom-build-pack[0m and container [32mstep-working-dir-initializer-c4n8p[0m
{"level":"info","ts":1593190482.9966927,"logger":"fallback-logger","caller":"logging/config.go:69","msg":"Fetch GitHub commit ID from kodata failed: open /var/run/ko/HEAD: no such file or directory"}
{"level":"info","ts":1593190482.998599,"logger":"fallback-logger","caller":"bash/main.go:64","msg":"Successfully executed command \"sh -c mkdir -p /workspace/source\"; output "}

Showing logs for build [32mablazleon-environment-jxgke6-pr-pc8l9-1[0m stage [32mfrom-build-pack[0m and container [32mstep-place-tools[0m

Showing logs for build [32mablazleon-environment-jxgke6-pr-pc8l9-1[0m stage [32mfrom-build-pack[0m and container [32mstep-git-source-ablazleon-environment-jxgke6-pr-pc8l9-cbgf5[0m
{"level":"info","ts":1593190489.160419,"logger":"fallback-logger","caller":"logging/config.go:69","msg":"Fetch GitHub commit ID from kodata failed: open /var/run/ko/refs/heads/0.8.0-ns-support: no such file or directory"}
{"level":"info","ts":1593190490.2476318,"logger":"fallback-logger","caller":"git/git.go:103","msg":"Successfully cloned https://github.com/*********/environment-**gke6-production.git @ master in path /workspace/source"}

Showing logs for build [32mablazleon-environment-jxgke6-pr-pc8l9-1[0m stage [32mfrom-build-pack[0m and container [32mstep-setup-builder-home[0m

Showing logs for build [32mablazleon-environment-jxgke6-pr-pc8l9-1[0m stage [32mfrom-build-pack[0m and container [32mstep-git-merge[0m
Using SHAs from PULL_REFS=master:fade5eceb491d947565f35c4a541bdf224600094,1:1ca5fd209c0aa67ed238d14d3df0f12203b3fe94
DEBUG: LC_ALL=C JX_LOG_LEVEL=error git fetch origin --unshallow 1ca5fd209c0aa67ed238d14d3df0f12203b3fe94: fade5eceb491d947565f35c4a541bdf224600094:
DEBUG: ran git fetch --unshallow origin 1ca5fd209c0aa67ed238d14d3df0f12203b3fe94: fade5eceb491d947565f35c4a541bdf224600094: in 
DEBUG: LC_ALL=C JX_LOG_LEVEL=error git branch
DEBUG: JX_LOG_LEVEL=error LC_ALL=C git checkout master
DEBUG: ran git checkout master in 
DEBUG: LC_ALL=C JX_LOG_LEVEL=error git reset --hard fade5eceb491d947565f35c4a541bdf224600094
DEBUG: ran git reset --hard fade5eceb491d947565f35c4a541bdf224600094 in 
DEBUG: LC_ALL=C JX_LOG_LEVEL=error git clean -fd .
DEBUG: ran clean --force -d . in 
DEBUG: LC_ALL=C JX_LOG_LEVEL=error git merge 1ca5fd209c0aa67ed238d14d3df0f12203b3fe94
DEBUG: ran git merge 1ca5fd209c0aa67ed238d14d3df0f12203b3fe94 in 
DEBUG: LC_ALL=C JX_LOG_LEVEL=error git log --format=%H%x1f%an%x1f%ae%x1f%cn%x1f%ce%x1f%s%n%b%x1e fade5eceb491d947565f35c4a541bdf224600094..HEAD
Merged SHA 1ca5fd209c0aa67ed238d14d3df0f12203b3fe94 with commit message 'chore: Promote **py to version 0.0.26' into base branch master

Showing logs for build [32mablazleon-environment-jxgke6-pr-pc8l9-1[0m stage [32mfrom-build-pack[0m and container [32mstep-build-helm-build[0m
WARNING: No $CHART_REPOSITORY defined so using the default value of: http://jenkins-x-chartmuseum:8080
Adding missing Helm repo: storage.googleapis.com https://storage.googleapis.com/chartmuseum.jenkins-x.io
Successfully added Helm repository storage.googleapis.com.
Adding missing Helm repo: jenkins-x-chartmuseum http://jenkins-x-chartmuseum:8080
Successfully added Helm repository jenkins-x-chartmuseum.
WARNING: No $CHART_REPOSITORY defined so using the default value of: http://jenkins-x-chartmuseum:8080
Adding missing Helm repo: chartmuseum.jenkins-x.io http://chartmuseum.jenkins-x.io
Successfully added Helm repository chartmuseum.jenkins-x.io.
