
Showing logs for build [32mablazleon-environment-jxgke6-pr-knmhk-1[0m stage [32mfrom-build-pack[0m and container [32mstep-credential-initializer-b8544[0m
{"level":"info","ts":1593198803.6079998,"logger":"fallback-logger","caller":"logging/config.go:69","msg":"Fetch GitHub commit ID from kodata failed: open /var/run/ko/refs/heads/0.8.0-ns-support: no such file or directory"}
{"level":"info","ts":1593198803.608816,"logger":"fallback-logger","caller":"creds-init/main.go:40","msg":"Credentials initialized."}

Showing logs for build [32mablazleon-environment-jxgke6-pr-knmhk-1[0m stage [32mfrom-build-pack[0m and container [32mstep-working-dir-initializer-fxgx8[0m
{"level":"info","ts":1593198804.8782828,"logger":"fallback-logger","caller":"logging/config.go:69","msg":"Fetch GitHub commit ID from kodata failed: open /var/run/ko/HEAD: no such file or directory"}
{"level":"info","ts":1593198804.8800676,"logger":"fallback-logger","caller":"bash/main.go:64","msg":"Successfully executed command \"sh -c mkdir -p /workspace/source\"; output "}

Showing logs for build [32mablazleon-environment-jxgke6-pr-knmhk-1[0m stage [32mfrom-build-pack[0m and container [32mstep-place-tools[0m

Showing logs for build [32mablazleon-environment-jxgke6-pr-knmhk-1[0m stage [32mfrom-build-pack[0m and container [32mstep-git-source-ablazleon-environment-jxgke6-pr-knmhk-8b6b2[0m
{"level":"info","ts":1593198809.829299,"logger":"fallback-logger","caller":"logging/config.go:69","msg":"Fetch GitHub commit ID from kodata failed: open /var/run/ko/refs/heads/0.8.0-ns-support: no such file or directory"}
{"level":"info","ts":1593198811.0977848,"logger":"fallback-logger","caller":"git/git.go:103","msg":"Successfully cloned https://github.com/*********/environment-**gke6-production.git @ master in path /workspace/source"}

Showing logs for build [32mablazleon-environment-jxgke6-pr-knmhk-1[0m stage [32mfrom-build-pack[0m and container [32mstep-setup-builder-home[0m

Showing logs for build [32mablazleon-environment-jxgke6-pr-knmhk-1[0m stage [32mfrom-build-pack[0m and container [32mstep-git-merge[0m
Using SHAs from PULL_REFS=master:ca15181fda92be59203fb5b70ac9eb14f4b79fc0,5:e0d5a1d10b1b3cf424d4780ca7d8910006810bc3
DEBUG: LC_ALL=C JX_LOG_LEVEL=error git fetch origin --unshallow e0d5a1d10b1b3cf424d4780ca7d8910006810bc3: ca15181fda92be59203fb5b70ac9eb14f4b79fc0:
DEBUG: ran git fetch --unshallow origin e0d5a1d10b1b3cf424d4780ca7d8910006810bc3: ca15181fda92be59203fb5b70ac9eb14f4b79fc0: in 
DEBUG: JX_LOG_LEVEL=error LC_ALL=C git branch
DEBUG: LC_ALL=C JX_LOG_LEVEL=error git checkout master
DEBUG: ran git checkout master in 
DEBUG: LC_ALL=C JX_LOG_LEVEL=error git reset --hard ca15181fda92be59203fb5b70ac9eb14f4b79fc0
DEBUG: ran git reset --hard ca15181fda92be59203fb5b70ac9eb14f4b79fc0 in 
DEBUG: JX_LOG_LEVEL=error LC_ALL=C git clean -fd .
DEBUG: ran clean --force -d . in 
DEBUG: LC_ALL=C JX_LOG_LEVEL=error git merge e0d5a1d10b1b3cf424d4780ca7d8910006810bc3
DEBUG: ran git merge e0d5a1d10b1b3cf424d4780ca7d8910006810bc3 in 
DEBUG: JX_LOG_LEVEL=error LC_ALL=C git log --format=%H%x1f%an%x1f%ae%x1f%cn%x1f%ce%x1f%s%n%b%x1e ca15181fda92be59203fb5b70ac9eb14f4b79fc0..HEAD
Merged SHA e0d5a1d10b1b3cf424d4780ca7d8910006810bc3 with commit message 'Update values.yaml' into base branch master

Showing logs for build [32mablazleon-environment-jxgke6-pr-knmhk-1[0m stage [32mfrom-build-pack[0m and container [32mstep-build-helm-build[0m
WARNING: No $CHART_REPOSITORY defined so using the default value of: http://jenkins-x-chartmuseum:8080
Adding missing Helm repo: storage.googleapis.com https://storage.googleapis.com/chartmuseum.jenkins-x.io
Successfully added Helm repository storage.googleapis.com.
Adding missing Helm repo: jenkins-x-chartmuseum http://jenkins-x-chartmuseum:8080
Successfully added Helm repository jenkins-x-chartmuseum.
WARNING: No $CHART_REPOSITORY defined so using the default value of: http://jenkins-x-chartmuseum:8080
Adding missing Helm repo: chartmuseum.jenkins-x.io http://chartmuseum.jenkins-x.io
Successfully added Helm repository chartmuseum.jenkins-x.io.
