
Showing logs for build [32mablazleon-environment-jxgke6-pr-xjpms-1[0m stage [32mfrom-build-pack[0m and container [32mstep-credential-initializer-6pb69[0m
{"level":"info","ts":1593197216.0742633,"logger":"fallback-logger","caller":"logging/config.go:69","msg":"Fetch GitHub commit ID from kodata failed: open /var/run/ko/refs/heads/0.8.0-ns-support: no such file or directory"}
{"level":"info","ts":1593197216.074807,"logger":"fallback-logger","caller":"creds-init/main.go:40","msg":"Credentials initialized."}

Showing logs for build [32mablazleon-environment-jxgke6-pr-xjpms-1[0m stage [32mfrom-build-pack[0m and container [32mstep-working-dir-initializer-wvfvz[0m
{"level":"info","ts":1593197217.5769258,"logger":"fallback-logger","caller":"logging/config.go:69","msg":"Fetch GitHub commit ID from kodata failed: open /var/run/ko/HEAD: no such file or directory"}
{"level":"info","ts":1593197217.578752,"logger":"fallback-logger","caller":"bash/main.go:64","msg":"Successfully executed command \"sh -c mkdir -p /workspace/source\"; output "}

Showing logs for build [32mablazleon-environment-jxgke6-pr-xjpms-1[0m stage [32mfrom-build-pack[0m and container [32mstep-place-tools[0m

Showing logs for build [32mablazleon-environment-jxgke6-pr-xjpms-1[0m stage [32mfrom-build-pack[0m and container [32mstep-git-source-ablazleon-environment-jxgke6-pr-xjpms-8q7zn[0m
{"level":"info","ts":1593197222.7947881,"logger":"fallback-logger","caller":"logging/config.go:69","msg":"Fetch GitHub commit ID from kodata failed: open /var/run/ko/refs/heads/0.8.0-ns-support: no such file or directory"}
{"level":"info","ts":1593197223.9358711,"logger":"fallback-logger","caller":"git/git.go:103","msg":"Successfully cloned https://github.com/*********/environment-**gke6-production.git @ master in path /workspace/source"}

Showing logs for build [32mablazleon-environment-jxgke6-pr-xjpms-1[0m stage [32mfrom-build-pack[0m and container [32mstep-setup-builder-home[0m

Showing logs for build [32mablazleon-environment-jxgke6-pr-xjpms-1[0m stage [32mfrom-build-pack[0m and container [32mstep-git-merge[0m
Using SHAs from PULL_REFS=master:a998b1ce325fa84ec62206f7d69ad1dc0e47c9b0,4:76c97e03fe47a6fbfe04636685e8dd71d4b8c595
DEBUG: LC_ALL=C JX_LOG_LEVEL=error git fetch origin --unshallow 76c97e03fe47a6fbfe04636685e8dd71d4b8c595: a998b1ce325fa84ec62206f7d69ad1dc0e47c9b0:
DEBUG: ran git fetch --unshallow origin 76c97e03fe47a6fbfe04636685e8dd71d4b8c595: a998b1ce325fa84ec62206f7d69ad1dc0e47c9b0: in 
DEBUG: LC_ALL=C JX_LOG_LEVEL=error git branch
DEBUG: LC_ALL=C JX_LOG_LEVEL=error git checkout master
DEBUG: ran git checkout master in 
DEBUG: LC_ALL=C JX_LOG_LEVEL=error git reset --hard a998b1ce325fa84ec62206f7d69ad1dc0e47c9b0
DEBUG: ran git reset --hard a998b1ce325fa84ec62206f7d69ad1dc0e47c9b0 in 
DEBUG: LC_ALL=C JX_LOG_LEVEL=error git clean -fd .
DEBUG: ran clean --force -d . in 
DEBUG: LC_ALL=C JX_LOG_LEVEL=error git merge 76c97e03fe47a6fbfe04636685e8dd71d4b8c595
DEBUG: ran git merge 76c97e03fe47a6fbfe04636685e8dd71d4b8c595 in 
DEBUG: LC_ALL=C JX_LOG_LEVEL=error git log --format=%H%x1f%an%x1f%ae%x1f%cn%x1f%ce%x1f%s%n%b%x1e a998b1ce325fa84ec62206f7d69ad1dc0e47c9b0..HEAD
Merged SHA 76c97e03fe47a6fbfe04636685e8dd71d4b8c595 with commit message 'Update values.yaml' into base branch master

Showing logs for build [32mablazleon-environment-jxgke6-pr-xjpms-1[0m stage [32mfrom-build-pack[0m and container [32mstep-build-helm-build[0m
WARNING: No $CHART_REPOSITORY defined so using the default value of: http://jenkins-x-chartmuseum:8080
Adding missing Helm repo: storage.googleapis.com https://storage.googleapis.com/chartmuseum.jenkins-x.io
Successfully added Helm repository storage.googleapis.com.
Adding missing Helm repo: jenkins-x-chartmuseum http://jenkins-x-chartmuseum:8080
Successfully added Helm repository jenkins-x-chartmuseum.
WARNING: No $CHART_REPOSITORY defined so using the default value of: http://jenkins-x-chartmuseum:8080
Adding missing Helm repo: chartmuseum.jenkins-x.io http://chartmuseum.jenkins-x.io
Successfully added Helm repository chartmuseum.jenkins-x.io.
error: failed to lint the chart '.': failed to run 'helm lint --set tags.**-lint=true --set global.**Lint=true --set-string global.**TypeEnv=lint --values values.yaml' command in directory '.', output: 'Error: failed to parse values.yaml: error converting YAML to JSON: yaml: line 25: did not find expected <document start>'
[31m
Pipeline failed on stage 'from-build-pack' : container 'step-build-helm-build'. The execution of the pipeline has stopped.[0m
